<?xml version="1.0" encoding="UTF-8"?>
<testsuite name="org.zerock.service.TodoServiceTests" tests="1" skipped="0" failures="0" errors="0" timestamp="2024-01-07T17:00:32" hostname="gimdohyeon-ui-noteubug.local" time="0.142">
  <properties/>
  <testcase name="testRegister()" classname="org.zerock.service.TodoServiceTests" time="0.142"/>
  <system-out><![CDATA[02:00:32.513 [Test worker] INFO  org.zerock.service.TodoServiceTests - -----------------------------
02:00:32.514 [Test worker] INFO  org.zerock.service.TodoServiceTests - TodoDTO(tno=null, title=JDBC Test Title, dueDate=2024-01-08, finished=false)
02:00:32.522 [Test worker] INFO  org.zerock.jdbcex.service.TodoService - TodoVO(tno=null, title=JDBC Test Title, dueDate=2024-01-08, finished=false)
]]></system-out>
  <system-err><![CDATA[SLF4J: No SLF4J providers were found.
SLF4J: Defaulting to no-operation (NOP) logger implementation
SLF4J: See https://www.slf4j.org/codes.html#noProviders for further details.
SLF4J: Class path contains SLF4J bindings targeting slf4j-api versions 1.7.x or earlier.
SLF4J: Ignoring binding found at [jar:file:/Users/kkddhh/.gradle/caches/modules-2/files-2.1/org.apache.logging.log4j/log4j-slf4j-impl/2.17.2/183f7c95fc981f3e97d008b363341343508848e/log4j-slf4j-impl-2.17.2.jar!/org/slf4j/impl/StaticLoggerBinder.class]
SLF4J: See https://www.slf4j.org/codes.html#ignoredBindings for an explanation.
]]></system-err>
</testsuite>
